<?xml version="1.0" encoding="UTF-8"?>
<!-- Generated by org.testng.reporters.JUnitReportReporter -->
<testsuite hostname="LAPTOP-T51A3O5O" failures="0" tests="10" name="MyPack.Country1" time="0.026" errors="0" timestamp="2024-06-07T12:47:33 IST" skipped="0">
  <testcase classname="MyPack.Country1" name="mal" time="0.002"/>
  <system-out/>
  <testcase classname="MyPack.Country1" name="net" time="0.001"/>
  <system-out/>
  <testcase classname="MyPack.Country1" name="den" time="0.011"/>
  <system-out/>
  <testcase classname="MyPack.Country1" name="fin" time="0.001"/>
  <system-out/>
  <testcase classname="MyPack.Country1" name="hk" time="0.004"/>
  <system-out/>
  <testcase classname="MyPack.Country1" name="to" time="0.001"/>
  <system-out/>
  <testcase classname="MyPack.Country1" name="ken" time="0.003"/>
  <system-out/>
  <testcase classname="MyPack.Country1" name="ire" time="0.001"/>
  <system-out/>
  <testcase classname="MyPack.Country1" name="nor" time="0.001"/>
  <system-out/>
  <testcase classname="MyPack.Country1" name="lib" time="0.001"/>
  <system-out/>
</testsuite> <!-- MyPack.Country1 -->
